<?xml version="1.0" encoding="UTF-8"?>
<!-- Generated by org.testng.reporters.JUnitReportReporter -->
<testsuite hostname="DESKTOP-K7P04BE" failures="0" tests="4" name="testCases.tc_Login_DDT_003" time="30.448" errors="0" timestamp="2024-06-19T22:28:40 IST" skipped="0">
  <testcase classname="testCases.tc_Login_DDT_003" name="verify_Login_DDT" time="3.331"/>
  <testcase classname="testCases.tc_Login_DDT_003" name="verify_Login_DDT" time="11.531"/>
  <testcase classname="testCases.tc_Login_DDT_003" name="verify_Login_DDT" time="3.628"/>
  <testcase classname="testCases.tc_Login_DDT_003" name="verify_Login_DDT" time="11.958"/>
</testsuite> <!-- testCases.tc_Login_DDT_003 -->
