<?xml version="1.0" encoding="UTF-8"?>
<!-- Generated by org.testng.reporters.JUnitReportReporter -->
<testsuite hostname="DESKTOP-K7P04BE" failures="0" tests="1" name="testCases.tc_Login_002" time="4.408" errors="0" timestamp="2024-06-21T20:37:21 IST" skipped="0">
  <testcase classname="testCases.tc_Login_002" name="verify_login" time="4.408"/>
</testsuite> <!-- testCases.tc_Login_002 -->
